UG to STEP
! INFO-     NX STEP AP214 - V10.0
! INFO-      
! INFO-     Start of Translation: 26-FEB-2023  10:43:41 PM
! INFO-      
! STATUS-   Converting Part: G:\.shortcut-targets-by-id\0B4Q-qvMPKEocVHFPeXFldDlFM2s\s3racing\CAD\CAD-s3-23e-Assembly\(M06 - CH) Chassis\(99) Mikayil Gebastel\prt_front_foop_cuting_jig.prt
! SUMMARY-   
! SUMMARY-  Summary of Unigraphics Part Entities
! SUMMARY-  For Part: G:\.shortcut-targets-by-id\0B4Q-qvMPKEocVHFPeXFldDlFM2s\s3racing\CAD\CAD-s3-23e-Assembly\(M06 - CH) Chassis\(99) Mikayil Gebastel\prt_front_foop_cuting_jig.prt 
! SUMMARY-  Entities Processed             Count
! SUMMARY-  ------------------             -----
! SUMMARY-  Part Attribute ..............:     1
! SUMMARY-  Font ........................:     2
! SUMMARY-  Color Table .................:     2
! SUMMARY-  Coordinate System ...........:     2
! SUMMARY-  Parameter ...................:     1
! SUMMARY-  Matrix ......................:     1
! SUMMARY-  Component ...................:     1
! SUMMARY-  Solid .......................:
! SUMMARY-     Body .....................:     1
! SUMMARY-                                 -----
! SUMMARY-  Total                             11
! SUMMARY-   
! SUMMARY-  Summary of Unigraphics Part Entities
! SUMMARY-  For Part: prt_23e_CH_Fronthoop_side_piece_V2.prt 
! SUMMARY-  Entities Processed             Count
! SUMMARY-  ------------------             -----
! SUMMARY-  Part Attribute ..............:     1
! SUMMARY-  Font ........................:     2
! SUMMARY-  Color Table .................:     2
! SUMMARY-  Coordinate System ...........:     2
! SUMMARY-  Parameter ...................:     1
! SUMMARY-  Matrix ......................:     1
! SUMMARY-  Reference Set ...............:     1
! SUMMARY-  Solid .......................:
! SUMMARY-     Body .....................:     1
! SUMMARY-                                 -----
! SUMMARY-  Total                             11
! STATUS-    
! STATUS-   Converting to Output Form (Phase 2 of 3): 26-FEB-2023 10:43:45 PM
! STATUS-    
! STATUS-    
! STATUS-   Generating UG geometry and placing them in parts
! STATUS-    
! SUMMARY-   
! SUMMARY-    STEP Header Information
! SUMMARY-   
! SUMMARY-  Description      Unknown
! SUMMARY-  Imp_Level        1
! SUMMARY-  File_Name        prt_front_foop_cuting_jig.stp
! SUMMARY-  Date             2023-02-26T22:43:45+01:00
! SUMMARY-  Author           Unknown
! SUMMARY-  Organization     Unknown
! SUMMARY-  Pre_Version      ST-DEVELOPER v16
! SUMMARY-  Orig_System      SIEMENS PLM Software NX 10.0
! SUMMARY-  Authorization    Unknown
! SUMMARY-   
! SUMMARY-    Summary of STEP Entities
! SUMMARY-   
! SUMMARY-  Entity Type                                                   Count
! SUMMARY-  -----------                                                   ------
! SUMMARY-  advanced_brep_shape_representation .........................:      2
! SUMMARY-  advanced_face ..............................................:     47
! SUMMARY-  application_context ........................................:      1
! SUMMARY-  application_protocol_definition ............................:      1
! SUMMARY-  axis2_placement_3d .........................................:     73
! SUMMARY-  b_spline_surface_with_knots_and_rational_b_spline_surface ..:      8
! SUMMARY-  cartesian_point ............................................:    388
! SUMMARY-  circle .....................................................:     16
! SUMMARY-  closed_shell ...............................................:      2
! SUMMARY-  context_dependent_shape_representation .....................:      1
! SUMMARY-  conversion_based_unit_and_plane_angle_unit .................:      1
! SUMMARY-  cylindrical_surface ........................................:     16
! SUMMARY-  dimensional_exponents ......................................:      1
! SUMMARY-  direction ..................................................:    219
! SUMMARY-  edge_curve .................................................:    105
! SUMMARY-  edge_loop ..................................................:     49
! SUMMARY-  ellipse ....................................................:     16
! SUMMARY-  face_bound .................................................:      4
! SUMMARY-  face_outer_bound ...........................................:     45
! SUMMARY-  geometric_representation_context_and_global_uncertainty_a ..:      2
! SUMMARY-  item_defined_transformation ................................:      1
! SUMMARY-  length_unit_and_si_unit ....................................:      1
! SUMMARY-  line .......................................................:     73
! SUMMARY-  manifold_solid_brep ........................................:      2
! SUMMARY-  next_assembly_usage_occurrence .............................:      1
! SUMMARY-  oriented_edge ..............................................:    210
! SUMMARY-  plane ......................................................:     23
! SUMMARY-  plane_angle_measure_with_unit ..............................:      1
! SUMMARY-  plane_angle_unit_and_si_unit ...............................:      1
! SUMMARY-  product ....................................................:      2
! SUMMARY-  product_context ............................................:      2
! SUMMARY-  product_definition .........................................:      2
! SUMMARY-  product_definition_context .................................:      2
! SUMMARY-  product_definition_formation_with_specified_source .........:      2
! SUMMARY-  product_definition_shape ...................................:      3
! SUMMARY-  product_related_product_category ...........................:      2
! SUMMARY-  representation_relationship_with_transformation_and_shape ..:      1
! SUMMARY-  shape_definition_representation ............................:      2
! SUMMARY-  shape_representation .......................................:      2
! SUMMARY-  shape_representation_relationship ..........................:      2
! SUMMARY-  si_unit_and_solid_angle_unit ...............................:      1
! SUMMARY-  uncertainty_measure_with_unit ..............................:      2
! SUMMARY-  vector .....................................................:     73
! SUMMARY-  vertex_point ...............................................:     62
! SUMMARY-                                                               -------
! SUMMARY-  Total                                                           1470
! INFO-      
! INFO-     User interface/default file
! INFO-     Bspline aprx. value in effect for this translation : 2.540000e-002 mm
! INFO-      
! INFO-     Total number of solids input for this translation  :       2
! INFO-      
! INFO-     Number of solids processed without problems        :       2
! INFO-      
! INFO-     Number of solids with problems output as sheets    :       0
! INFO-      
! INFO-     Number of solids not processed                     :       0
! INFO-      
! INFO-     End of Translation: 26-FEB-2023  10:43:46 PM
! INFO-      
UG to STEP
! INFO-     NX STEP AP214 - V10.0
! INFO-      
! INFO-     Start of Translation: 26-FEB-2023  10:46:37 PM
! INFO-      
! STATUS-   Converting Part: G:\.shortcut-targets-by-id\0B4Q-qvMPKEocVHFPeXFldDlFM2s\s3racing\CAD\CAD-s3-23e-Assembly\(M06 - CH) Chassis\(99) Mikayil Gebastel\prt_front_foop_cuting_jig.prt
! SUMMARY-   
! SUMMARY-  Summary of Unigraphics Part Entities
! SUMMARY-  For Part: G:\.shortcut-targets-by-id\0B4Q-qvMPKEocVHFPeXFldDlFM2s\s3racing\CAD\CAD-s3-23e-Assembly\(M06 - CH) Chassis\(99) Mikayil Gebastel\prt_front_foop_cuting_jig.prt 
! SUMMARY-  Entities Processed             Count
! SUMMARY-  ------------------             -----
! SUMMARY-  Part Attribute ..............:     1
! SUMMARY-  Font ........................:     2
! SUMMARY-  Color Table .................:     2
! SUMMARY-  Coordinate System ...........:     2
! SUMMARY-  Parameter ...................:     1
! SUMMARY-  Matrix ......................:     1
! SUMMARY-  Solid .......................:
! SUMMARY-     Body .....................:     1
! SUMMARY-                                 -----
! SUMMARY-  Total                             10
! STATUS-    
! STATUS-   Converting to Output Form (Phase 2 of 3): 26-FEB-2023 10:46:38 PM
! STATUS-    
! STATUS-    
! STATUS-   Generating UG geometry and placing them in parts
! STATUS-    
! SUMMARY-   
! SUMMARY-    STEP Header Information
! SUMMARY-   
! SUMMARY-  Description      Unknown
! SUMMARY-  Imp_Level        1
! SUMMARY-  File_Name        prt_front_foop_cuting_jig.stp
! SUMMARY-  Date             2023-02-26T22:46:38+01:00
! SUMMARY-  Author           Unknown
! SUMMARY-  Organization     Unknown
! SUMMARY-  Pre_Version      ST-DEVELOPER v16
! SUMMARY-  Orig_System      SIEMENS PLM Software NX 10.0
! SUMMARY-  Authorization    Unknown
! SUMMARY-   
! SUMMARY-    Summary of STEP Entities
! SUMMARY-   
! SUMMARY-  Entity Type                                                   Count
! SUMMARY-  -----------                                                   ------
! SUMMARY-  advanced_brep_shape_representation .........................:      1
! SUMMARY-  advanced_face ..............................................:     37
! SUMMARY-  application_context ........................................:      1
! SUMMARY-  application_protocol_definition ............................:      1
! SUMMARY-  axis2_placement_3d .........................................:     62
! SUMMARY-  b_spline_surface_with_knots_and_rational_b_spline_surface ..:      8
! SUMMARY-  cartesian_point ............................................:    337
! SUMMARY-  circle .....................................................:     16
! SUMMARY-  closed_shell ...............................................:      1
! SUMMARY-  conversion_based_unit_and_plane_angle_unit .................:      1
! SUMMARY-  cylindrical_surface ........................................:     16
! SUMMARY-  dimensional_exponents ......................................:      1
! SUMMARY-  direction ..................................................:    173
! SUMMARY-  edge_curve .................................................:     81
! SUMMARY-  edge_loop ..................................................:     37
! SUMMARY-  ellipse ....................................................:     16
! SUMMARY-  face_outer_bound ...........................................:     37
! SUMMARY-  geometric_representation_context_and_global_uncertainty_a ..:      1
! SUMMARY-  length_unit_and_si_unit ....................................:      1
! SUMMARY-  line .......................................................:     49
! SUMMARY-  manifold_solid_brep ........................................:      1
! SUMMARY-  oriented_edge ..............................................:    162
! SUMMARY-  plane ......................................................:     13
! SUMMARY-  plane_angle_measure_with_unit ..............................:      1
! SUMMARY-  plane_angle_unit_and_si_unit ...............................:      1
! SUMMARY-  product ....................................................:      1
! SUMMARY-  product_context ............................................:      1
! SUMMARY-  product_definition .........................................:      1
! SUMMARY-  product_definition_context .................................:      1
! SUMMARY-  product_definition_formation_with_specified_source .........:      1
! SUMMARY-  product_definition_shape ...................................:      1
! SUMMARY-  product_related_product_category ...........................:      1
! SUMMARY-  shape_definition_representation ............................:      1
! SUMMARY-  shape_representation .......................................:      1
! SUMMARY-  shape_representation_relationship ..........................:      1
! SUMMARY-  si_unit_and_solid_angle_unit ...............................:      1
! SUMMARY-  uncertainty_measure_with_unit ..............................:      1
! SUMMARY-  vector .....................................................:     49
! SUMMARY-  vertex_point ...............................................:     46
! SUMMARY-                                                               -------
! SUMMARY-  Total                                                           1162
! INFO-      
! INFO-     User interface/default file
! INFO-     Bspline aprx. value in effect for this translation : 2.540000e-002 mm
! INFO-      
! INFO-     Total number of solids input for this translation  :       1
! INFO-      
! INFO-     Number of solids processed without problems        :       1
! INFO-      
! INFO-     Number of solids with problems output as sheets    :       0
! INFO-      
! INFO-     Number of solids not processed                     :       0
! INFO-      
! INFO-     End of Translation: 26-FEB-2023  10:46:39 PM
! INFO-      
